# JRE version: Java(TM) SE Runtime Environment (8.0_101-b13) (build 1.8.0_101-b13)
# Java VM: Java HotSpot(TM) Server VM (25.101-b13 mixed mode linux-x86 )
Heap:
 PSYoungGen      total 168960K, used 1272K [0x928c0000, 0x9d4c0000, 0xa7000000)
  eden space 162048K, 0% used [0x928c0000,0x928c0000,0x9c700000)
  from space 6912K, 18% used [0x9c700000,0x9c83e030,0x9cdc0000)
  to   space 6656K, 0% used [0x9cdc0000,0x9cdc0000,0x9d440000)
 ParOldGen       total 42496K, used 16813K [0x69a00000, 0x6c380000, 0x928c0000)
  object space 42496K, 39% used [0x69a00000,0x6aa6b7a8,0x6c380000)
 Metaspace       used 12999K, capacity 13365K, committed 13464K, reserved 13616K
GC Heap History (10 events):
Event: 5,736 GC heap after
Heap after GC invocations=8 (full 0):
 PSYoungGen      total 69376K, used 5146K [0x928c0000, 0x97340000, 0xa7000000)
  eden space 63232K, 0% used [0x928c0000,0x928c0000,0x96680000)
  from space 6144K, 83% used [0x96cc0000,0x971c6a40,0x972c0000)
  to   space 6400K, 0% used [0x96680000,0x96680000,0x96cc0000)
 ParOldGen       total 42496K, used 8225K [0x69a00000, 0x6c380000, 0x928c0000)
  object space 42496K, 19% used [0x69a00000,0x6a208678,0x6c380000)
 Metaspace       used 10448K, capacity 10555K, committed 10648K, reserved 11568K
}
Event: 7,463 GC heap before
{Heap before GC invocations=9 (full 0):
 PSYoungGen      total 69376K, used 68378K [0x928c0000, 0x97340000, 0xa7000000)
  eden space 63232K, 100% used [0x928c0000,0x96680000,0x96680000)
  from space 6144K, 83% used [0x96cc0000,0x971c6a40,0x972c0000)
  to   space 6400K, 0% used [0x96680000,0x96680000,0x96cc0000)
 ParOldGen       total 42496K, used 8225K [0x69a00000, 0x6c380000, 0x928c0000)
  object space 42496K, 19% used [0x69a00000,0x6a208678,0x6c380000)
 Metaspace       used 11122K, capacity 11316K, committed 11416K, reserved 11568K
Event: 7,488 GC heap after
Heap after GC invocations=9 (full 0):
 PSYoungGen      total 69632K, used 4945K [0x928c0000, 0x998c0000, 0xa7000000)
  eden space 63232K, 0% used [0x928c0000,0x928c0000,0x96680000)
  from space 6400K, 77% used [0x96680000,0x96b54790,0x96cc0000)
  to   space 6656K, 0% used [0x99240000,0x99240000,0x998c0000)
 ParOldGen       total 42496K, used 10070K [0x69a00000, 0x6c380000, 0x928c0000)
  object space 42496K, 23% used [0x69a00000,0x6a3d5b68,0x6c380000)
 Metaspace       used 11122K, capacity 11316K, committed 11416K, reserved 11568K
}
Event: 8,714 GC heap before
{Heap before GC invocations=10 (full 0):
 PSYoungGen      total 69632K, used 68177K [0x928c0000, 0x998c0000, 0xa7000000)
  eden space 63232K, 100% used [0x928c0000,0x96680000,0x96680000)
  from space 6400K, 77% used [0x96680000,0x96b54790,0x96cc0000)
  to   space 6656K, 0% used [0x99240000,0x99240000,0x998c0000)
 ParOldGen       total 42496K, used 10070K [0x69a00000, 0x6c380000, 0x928c0000)
  object space 42496K, 23% used [0x69a00000,0x6a3d5b68,0x6c380000)
 Metaspace       used 12363K, capacity 12681K, committed 12696K, reserved 13616K
Event: 8,728 GC heap after
Heap after GC invocations=10 (full 0):
 PSYoungGen      total 108032K, used 2460K [0x928c0000, 0x998c0000, 0xa7000000)
  eden space 101376K, 0% used [0x928c0000,0x928c0000,0x98bc0000)
  from space 6656K, 36% used [0x99240000,0x994a72b0,0x998c0000)
  to   space 6656K, 0% used [0x98bc0000,0x98bc0000,0x99240000)
 ParOldGen       total 42496K, used 12650K [0x69a00000, 0x6c380000, 0x928c0000)
  object space 42496K, 29% used [0x69a00000,0x6a65ab68,0x6c380000)
 Metaspace       used 12363K, capacity 12681K, committed 12696K, reserved 13616K
}
Event: 11,750 GC heap before
{Heap before GC invocations=11 (full 0):
 PSYoungGen      total 108032K, used 103836K [0x928c0000, 0x998c0000, 0xa7000000)
  eden space 101376K, 100% used [0x928c0000,0x98bc0000,0x98bc0000)
  from space 6656K, 36% used [0x99240000,0x994a72b0,0x998c0000)
  to   space 6656K, 0% used [0x98bc0000,0x98bc0000,0x99240000)
 ParOldGen       total 42496K, used 12650K [0x69a00000, 0x6c380000, 0x928c0000)
  object space 42496K, 29% used [0x69a00000,0x6a65ab68,0x6c380000)
 Metaspace       used 12976K, capacity 13333K, committed 13336K, reserved 13616K
Event: 11,788 GC heap after
Heap after GC invocations=11 (full 0):
 PSYoungGen      total 108032K, used 2683K [0x928c0000, 0x9d440000, 0xa7000000)
  eden space 101376K, 0% used [0x928c0000,0x928c0000,0x98bc0000)
  from space 6656K, 40% used [0x98bc0000,0x98e5edf0,0x99240000)
  to   space 6656K, 0% used [0x9cdc0000,0x9cdc0000,0x9d440000)
 ParOldGen       total 42496K, used 14241K [0x69a00000, 0x6c380000, 0x928c0000)
  object space 42496K, 33% used [0x69a00000,0x6a7e8558,0x6c380000)
 Metaspace       used 12976K, capacity 13333K, committed 13336K, reserved 13616K
}
Event: 12,164 GC heap before
{Heap before GC invocations=12 (full 0):
 PSYoungGen      total 108032K, used 104059K [0x928c0000, 0x9d440000, 0xa7000000)
  eden space 101376K, 100% used [0x928c0000,0x98bc0000,0x98bc0000)
  from space 6656K, 40% used [0x98bc0000,0x98e5edf0,0x99240000)
  to   space 6656K, 0% used [0x9cdc0000,0x9cdc0000,0x9d440000)
 ParOldGen       total 42496K, used 14241K [0x69a00000, 0x6c380000, 0x928c0000)
  object space 42496K, 33% used [0x69a00000,0x6a7e8558,0x6c380000)
 Metaspace       used 12996K, capacity 13365K, committed 13464K, reserved 13616K
Event: 12,181 GC heap after
Heap after GC invocations=12 (full 0):
 PSYoungGen      total 168704K, used 1256K [0x928c0000, 0x9d4c0000, 0xa7000000)
  eden space 162048K, 0% used [0x928c0000,0x928c0000,0x9c700000)
  from space 6656K, 18% used [0x9cdc0000,0x9cefa2b8,0x9d440000)
  to   space 6912K, 0% used [0x9c700000,0x9c700000,0x9cdc0000)
 ParOldGen       total 42496K, used 15677K [0x69a00000, 0x6c380000, 0x928c0000)
  object space 42496K, 36% used [0x69a00000,0x6a94f578,0x6c380000)
 Metaspace       used 12996K, capacity 13365K, committed 13464K, reserved 13616K
}
Event: 12,944 GC heap before
{Heap before GC invocations=13 (full 0):
 PSYoungGen      total 168704K, used 163304K [0x928c0000, 0x9d4c0000, 0xa7000000)
  eden space 162048K, 100% used [0x928c0000,0x9c700000,0x9c700000)
  from space 6656K, 18% used [0x9cdc0000,0x9cefa2b8,0x9d440000)
  to   space 6912K, 0% used [0x9c700000,0x9c700000,0x9cdc0000)
 ParOldGen       total 42496K, used 15677K [0x69a00000, 0x6c380000, 0x928c0000)
  object space 42496K, 36% used [0x69a00000,0x6a94f578,0x6c380000)
 Metaspace       used 12999K, capacity 13365K, committed 13464K, reserved 13616K

