# JRE version: Java(TM) SE Runtime Environment (8.0_121-b13) (build 1.8.0_121-b13)
# Java VM: Java HotSpot(TM) 64-Bit Server VM (25.121-b13 mixed mode linux-amd64 compressed oops)
Heap:
 PSYoungGen      total 204800K, used 3532K [0x00000000ec000000, 0x00000000f9e80000, 0x0000000100000000)
  eden space 188416K, 0% used [0x00000000ec000000,0x00000000ec000000,0x00000000f7800000)
  from space 16384K, 21% used [0x00000000f7800000,0x00000000f7b733e0,0x00000000f8800000)
  to   space 9728K, 0% used [0x00000000f8800000,0x00000000f8800000,0x00000000f9180000)
 ParOldGen       total 40960K, used 28358K [0x00000000c4000000, 0x00000000c6800000, 0x00000000ec000000)
  object space 40960K, 69% used [0x00000000c4000000,0x00000000c5bb1800,0x00000000c6800000)
 Metaspace       used 20730K, capacity 21266K, committed 21296K, reserved 1069056K
  class space    used 2382K, capacity 2584K, committed 2608K, reserved 1048576K
GC Heap History (10 events):
Event: 5,642 GC heap after
Heap after GC invocations=6 (full 0):
 PSYoungGen      total 68608K, used 4644K [0x00000000ec000000, 0x00000000f0a00000, 0x0000000100000000)
  eden space 61440K, 0% used [0x00000000ec000000,0x00000000ec000000,0x00000000efc00000)
  from space 7168K, 64% used [0x00000000f0300000,0x00000000f07890f8,0x00000000f0a00000)
  to   space 7168K, 0% used [0x00000000efc00000,0x00000000efc00000,0x00000000f0300000)
 ParOldGen       total 40960K, used 7786K [0x00000000c4000000, 0x00000000c6800000, 0x00000000ec000000)
  object space 40960K, 19% used [0x00000000c4000000,0x00000000c479a820,0x00000000c6800000)
 Metaspace       used 14845K, capacity 15066K, committed 15232K, reserved 1062912K
  class space    used 1810K, capacity 1911K, committed 1920K, reserved 1048576K
}
Event: 7,712 GC heap before
{Heap before GC invocations=7 (full 0):
 PSYoungGen      total 68608K, used 66084K [0x00000000ec000000, 0x00000000f0a00000, 0x0000000100000000)
  eden space 61440K, 100% used [0x00000000ec000000,0x00000000efc00000,0x00000000efc00000)
  from space 7168K, 64% used [0x00000000f0300000,0x00000000f07890f8,0x00000000f0a00000)
  to   space 7168K, 0% used [0x00000000efc00000,0x00000000efc00000,0x00000000f0300000)
 ParOldGen       total 40960K, used 7786K [0x00000000c4000000, 0x00000000c6800000, 0x00000000ec000000)
  object space 40960K, 19% used [0x00000000c4000000,0x00000000c479a820,0x00000000c6800000)
 Metaspace       used 16164K, capacity 16504K, committed 16640K, reserved 1064960K
  class space    used 1929K, capacity 2048K, committed 2048K, reserved 1048576K
Event: 7,756 GC heap after
Heap after GC invocations=7 (full 0):
 PSYoungGen      total 68608K, used 7160K [0x00000000ec000000, 0x00000000f4900000, 0x0000000100000000)
  eden space 61440K, 0% used [0x00000000ec000000,0x00000000ec000000,0x00000000efc00000)
  from space 7168K, 99% used [0x00000000efc00000,0x00000000f02fe158,0x00000000f0300000)
  to   space 8704K, 0% used [0x00000000f4080000,0x00000000f4080000,0x00000000f4900000)
 ParOldGen       total 40960K, used 8994K [0x00000000c4000000, 0x00000000c6800000, 0x00000000ec000000)
  object space 40960K, 21% used [0x00000000c4000000,0x00000000c48c8ba0,0x00000000c6800000)
 Metaspace       used 16164K, capacity 16504K, committed 16640K, reserved 1064960K
  class space    used 1929K, capacity 2048K, committed 2048K, reserved 1048576K
}
Event: 9,044 GC heap before
{Heap before GC invocations=8 (full 0):
 PSYoungGen      total 68608K, used 68600K [0x00000000ec000000, 0x00000000f4900000, 0x0000000100000000)
  eden space 61440K, 100% used [0x00000000ec000000,0x00000000efc00000,0x00000000efc00000)
  from space 7168K, 99% used [0x00000000efc00000,0x00000000f02fe158,0x00000000f0300000)
  to   space 8704K, 0% used [0x00000000f4080000,0x00000000f4080000,0x00000000f4900000)
 ParOldGen       total 40960K, used 8994K [0x00000000c4000000, 0x00000000c6800000, 0x00000000ec000000)
  object space 40960K, 21% used [0x00000000c4000000,0x00000000c48c8ba0,0x00000000c6800000)
 Metaspace       used 17209K, capacity 17626K, committed 17792K, reserved 1064960K
  class space    used 2004K, capacity 2122K, committed 2176K, reserved 1048576K
Event: 9,086 GC heap after
Heap after GC invocations=8 (full 0):
 PSYoungGen      total 130560K, used 8052K [0x00000000ec000000, 0x00000000f4b00000, 0x0000000100000000)
  eden space 121856K, 0% used [0x00000000ec000000,0x00000000ec000000,0x00000000f3700000)
  from space 8704K, 92% used [0x00000000f4080000,0x00000000f485d078,0x00000000f4900000)
  to   space 9728K, 0% used [0x00000000f3700000,0x00000000f3700000,0x00000000f4080000)
 ParOldGen       total 40960K, used 9442K [0x00000000c4000000, 0x00000000c6800000, 0x00000000ec000000)
  object space 40960K, 23% used [0x00000000c4000000,0x00000000c4938ba0,0x00000000c6800000)
 Metaspace       used 17209K, capacity 17626K, committed 17792K, reserved 1064960K
  class space    used 2004K, capacity 2122K, committed 2176K, reserved 1048576K
}
Event: 12,406 GC heap before
{Heap before GC invocations=9 (full 0):
 PSYoungGen      total 130560K, used 129908K [0x00000000ec000000, 0x00000000f4b00000, 0x0000000100000000)
  eden space 121856K, 100% used [0x00000000ec000000,0x00000000f3700000,0x00000000f3700000)
  from space 8704K, 92% used [0x00000000f4080000,0x00000000f485d078,0x00000000f4900000)
  to   space 9728K, 0% used [0x00000000f3700000,0x00000000f3700000,0x00000000f4080000)
 ParOldGen       total 40960K, used 9442K [0x00000000c4000000, 0x00000000c6800000, 0x00000000ec000000)
  object space 40960K, 23% used [0x00000000c4000000,0x00000000c4938ba0,0x00000000c6800000)
 Metaspace       used 19818K, capacity 20328K, committed 20480K, reserved 1067008K
  class space    used 2304K, capacity 2509K, committed 2560K, reserved 1048576K
Event: 12,518 GC heap after
Heap after GC invocations=9 (full 0):
 PSYoungGen      total 131584K, used 6572K [0x00000000ec000000, 0x00000000f9180000, 0x0000000100000000)
  eden space 121856K, 0% used [0x00000000ec000000,0x00000000ec000000,0x00000000f3700000)
  from space 9728K, 67% used [0x00000000f3700000,0x00000000f3d6b360,0x00000000f4080000)
  to   space 9728K, 0% used [0x00000000f8800000,0x00000000f8800000,0x00000000f9180000)
 ParOldGen       total 40960K, used 12120K [0x00000000c4000000, 0x00000000c6800000, 0x00000000ec000000)
  object space 40960K, 29% used [0x00000000c4000000,0x00000000c4bd63f0,0x00000000c6800000)
 Metaspace       used 19818K, capacity 20328K, committed 20480K, reserved 1067008K
  class space    used 2304K, capacity 2509K, committed 2560K, reserved 1048576K
}
Event: 16,942 GC heap before
{Heap before GC invocations=10 (full 0):
 PSYoungGen      total 131584K, used 128428K [0x00000000ec000000, 0x00000000f9180000, 0x0000000100000000)
  eden space 121856K, 100% used [0x00000000ec000000,0x00000000f3700000,0x00000000f3700000)
  from space 9728K, 67% used [0x00000000f3700000,0x00000000f3d6b360,0x00000000f4080000)
  to   space 9728K, 0% used [0x00000000f8800000,0x00000000f8800000,0x00000000f9180000)
 ParOldGen       total 40960K, used 12120K [0x00000000c4000000, 0x00000000c6800000, 0x00000000ec000000)
  object space 40960K, 29% used [0x00000000c4000000,0x00000000c4bd63f0,0x00000000c6800000)
 Metaspace       used 20600K, capacity 21202K, committed 21296K, reserved 1069056K
  class space    used 2370K, capacity 2584K, committed 2608K, reserved 1048576K
Event: 17,032 GC heap after
Heap after GC invocations=10 (full 0):
 PSYoungGen      total 198144K, used 9697K [0x00000000ec000000, 0x00000000f9e80000, 0x0000000100000000)
  eden space 188416K, 0% used [0x00000000ec000000,0x00000000ec000000,0x00000000f7800000)
  from space 9728K, 99% used [0x00000000f8800000,0x00000000f91784f0,0x00000000f9180000)
  to   space 16384K, 0% used [0x00000000f7800000,0x00000000f7800000,0x00000000f8800000)
 ParOldGen       total 40960K, used 26677K [0x00000000c4000000, 0x00000000c6800000, 0x00000000ec000000)
  object space 40960K, 65% used [0x00000000c4000000,0x00000000c5a0d490,0x00000000c6800000)
 Metaspace       used 20600K, capacity 21202K, committed 21296K, reserved 1069056K
  class space    used 2370K, capacity 2584K, committed 2608K, reserved 1048576K
}
Event: 18,807 GC heap before
{Heap before GC invocations=11 (full 0):
 PSYoungGen      total 198144K, used 32690K [0x00000000ec000000, 0x00000000f9e80000, 0x0000000100000000)
  eden space 188416K, 12% used [0x00000000ec000000,0x00000000ed674548,0x00000000f7800000)
  from space 9728K, 99% used [0x00000000f8800000,0x00000000f91784f0,0x00000000f9180000)
  to   space 16384K, 0% used [0x00000000f7800000,0x00000000f7800000,0x00000000f8800000)
 ParOldGen       total 40960K, used 26677K [0x00000000c4000000, 0x00000000c6800000, 0x00000000ec000000)
  object space 40960K, 65% used [0x00000000c4000000,0x00000000c5a0d490,0x00000000c6800000)
 Metaspace       used 20730K, capacity 21266K, committed 21296K, reserved 1069056K
  class space    used 2382K, capacity 2584K, committed 2608K, reserved 1048576K

